<?xml version="1.0" encoding="UTF-8"?>
<Site BuildName="(empty)"
	BuildStamp="20250516-1418-Experimental"
	Name="(empty)"
	Generator="ctest-3.20.2"
	CompilerName=""
	CompilerVersion=""
	OSName="Linux"
	Hostname="hcss-ecs-0f6c"
	OSRelease="4.18.0-348.7.1.el8_5.x86_64"
	OSVersion="#1 SMP Wed Dec 22 13:25:12 UTC 2021"
	OSPlatform="x86_64"
	Is64Bits="1"
	VendorString="GenuineIntel"
	VendorID="Intel Corporation"
	FamilyID="6"
	ModelID="85"
	ProcessorCacheSize="36608"
	NumberOfLogicalCPU="4"
	NumberOfPhysicalCPU="2"
	TotalVirtualMemory="0"
	TotalPhysicalMemory="7767"
	LogicalProcessorsPerPhysical="2"
	ProcessorClockFrequency="2600"
	>
	<Testing>
		<StartDateTime>May 16 22:18 CST</StartDateTime>
		<StartTestTime>1747405099</StartTestTime>
		<TestList/>
		<EndDateTime>May 16 22:18 CST</EndDateTime>
		<EndTestTime>1747405099</EndTestTime>
		<ElapsedMinutes>0</ElapsedMinutes>
	</Testing>
</Site>
